0 info it worked if it ends with ok
1 verbose cli [ 'C:\\Program Files\\nodejs\\\\node.exe',
1 verbose cli   'C:\\Program Files\\nodejs\\node_modules\\npm\\bin\\npm-cli.js',
1 verbose cli   'install',
1 verbose cli   'node-querystring' ]
2 info using npm@1.4.28
3 info using node@v0.10.35
4 verbose node symlink C:\Program Files\nodejs\\node.exe
5 warn package.json TheBoard@0.1.0 No repository field.
6 verbose readDependencies using package.json deps
7 verbose cache add [ 'node-querystring', null ]
8 verbose cache add name=undefined spec="node-querystring" args=["node-querystring",null]
9 verbose parsed url { protocol: null,
9 verbose parsed url   slashes: null,
9 verbose parsed url   auth: null,
9 verbose parsed url   host: null,
9 verbose parsed url   port: null,
9 verbose parsed url   hostname: null,
9 verbose parsed url   hash: null,
9 verbose parsed url   search: null,
9 verbose parsed url   query: null,
9 verbose parsed url   pathname: 'node-querystring',
9 verbose parsed url   path: 'node-querystring',
9 verbose parsed url   href: 'node-querystring' }
10 silly lockFile dc0fffca-node-querystring node-querystring
11 verbose lock node-querystring C:\Users\Mark\AppData\Roaming\npm-cache\dc0fffca-node-querystring.lock
12 silly lockFile dc0fffca-node-querystring node-querystring
13 silly lockFile dc0fffca-node-querystring node-querystring
14 verbose addNamed [ 'node-querystring', '' ]
15 verbose addNamed [ null, '*' ]
16 silly lockFile f80994a0-node-querystring node-querystring@
17 verbose lock node-querystring@ C:\Users\Mark\AppData\Roaming\npm-cache\f80994a0-node-querystring.lock
18 silly addNameRange { name: 'node-querystring', range: '*', hasData: false }
19 verbose request where is /node-querystring
20 verbose request registry https://registry.npmjs.org/
21 verbose request id a317b325ab065995
22 verbose url raw /node-querystring
23 verbose url resolving [ 'https://registry.npmjs.org/', './node-querystring' ]
24 verbose url resolved https://registry.npmjs.org/node-querystring
25 verbose request where is https://registry.npmjs.org/node-querystring
26 info trying registry request attempt 1 at 16:50:04
27 http GET https://registry.npmjs.org/node-querystring
28 http 404 https://registry.npmjs.org/node-querystring
29 verbose headers { date: 'Thu, 01 Jan 2015 21:50:03 GMT',
29 verbose headers   server: 'CouchDB/1.5.0 (Erlang OTP/R16B03)',
29 verbose headers   'content-type': 'application/json',
29 verbose headers   'cache-control': 'max-age=0',
29 verbose headers   'content-length': '52',
29 verbose headers   'accept-ranges': 'bytes',
29 verbose headers   via: '1.1 varnish',
29 verbose headers   age: '0',
29 verbose headers   'x-served-by': 'cache-ord1734-ORD',
29 verbose headers   'x-cache': 'MISS',
29 verbose headers   'x-cache-hits': '0',
29 verbose headers   'x-timer': 'S1420149003.495023,VS0,VE277',
29 verbose headers   'keep-alive': 'timeout=10, max=50',
29 verbose headers   connection: 'Keep-Alive' }
30 silly registry.get cb [ 404,
30 silly registry.get   { date: 'Thu, 01 Jan 2015 21:50:03 GMT',
30 silly registry.get     server: 'CouchDB/1.5.0 (Erlang OTP/R16B03)',
30 silly registry.get     'content-type': 'application/json',
30 silly registry.get     'cache-control': 'max-age=0',
30 silly registry.get     'content-length': '52',
30 silly registry.get     'accept-ranges': 'bytes',
30 silly registry.get     via: '1.1 varnish',
30 silly registry.get     age: '0',
30 silly registry.get     'x-served-by': 'cache-ord1734-ORD',
30 silly registry.get     'x-cache': 'MISS',
30 silly registry.get     'x-cache-hits': '0',
30 silly registry.get     'x-timer': 'S1420149003.495023,VS0,VE277',
30 silly registry.get     'keep-alive': 'timeout=10, max=50',
30 silly registry.get     connection: 'Keep-Alive' } ]
31 silly lockFile f80994a0-node-querystring node-querystring@
32 silly lockFile f80994a0-node-querystring node-querystring@
33 error 404 404 Not Found: node-querystring
33 error 404
33 error 404 'node-querystring' is not in the npm registry.
33 error 404 You should bug the author to publish it
33 error 404 It was specified as a dependency of 'TheBoard'
33 error 404
33 error 404 Maybe try 'npm search querystring'
33 error 404
33 error 404 Note that you can also install from a
33 error 404 tarball, folder, or http url, or git url.
34 error System Windows_NT 6.2.9200
35 error command "C:\\Program Files\\nodejs\\\\node.exe" "C:\\Program Files\\nodejs\\node_modules\\npm\\bin\\npm-cli.js" "install" "node-querystring"
36 error cwd C:\Users\Mark\Documents\Visual Studio 2013\Projects\TheBoard\TheBoard
37 error node -v v0.10.35
38 error npm -v 1.4.28
39 error code E404
40 verbose exit [ 1, true ]
